16.05.16 21:06:34 : <https://accounts.google.com/signin/continue?sarp=1&scc=1&plt=AKgnsbui<EOL>SwAEz1BzerafoBlACAQMM-Nob-0eD6qA8QFUg79Yoy0VV-KMUAwek1JZ7H3ZYsd8E-MVdq<EOL>5MllacstDvJqC0pHtw1wWuL-6koq8Zi0pVjE9aKoO8YLMdPG_gejvTosxDYx6TBIb6NavV<EOL>IaP2aIzodrcfMW7ma2QaJbrr5HDYrHbA4XPBwAuq-LDKcY2uW1uAU8VmeXdQxiN_YmxtRI<EOL>cLs7aXwbr-HE8X93bJECn0N1bicI0> Please log in via your web browser and<EOL>then try again.<EOL> Learn more at<EOL> https://support.google.com/mail/answer/78754 n37sm5732223lfg.46 - gsmtp<EOL>
16.05.16 21:06:35 : <https://accounts.google.com/signin/continue?sarp=1&scc=1&plt=AKgnsbs_<EOL>HEdFfOOSC6QA7R9A5JUI_DqA3cCFuZf9hudCSQcd3Z5vmooRXMLClvqy4x2hYF1E925Srh<EOL>RsLslqIg4HJGd436xNira3rpmD3nzPNmNjIuroTu5wX-7DTgaF0p5KqUu6PowhbiYc6NYC<EOL>EXS1Z8Tk3f0GjaQfCOL9rHlhcUd5-uZDBtQRz-C8GI7RPPleZp_0PySZNDKv2BjFVqidPm<EOL>W58cfNqfUrgPbzvskzBUGHlwBM9ZU> Please log in via your web browser and<EOL>then try again.<EOL> Learn more at<EOL> https://support.google.com/mail/answer/78754 wt10sm5573776lbb.25 - gsmtp<EOL>
16.05.16 21:12:24 : <https://accounts.google.com/signin/continue?sarp=1&scc=1&plt=AKgnsbuk<EOL>akuwR7_YFhGng76bsKvCSeu1eTIhm3PtpfeQsox47eMueDnjHNauHRKHT-KRXerLKI7AHm<EOL>6wfnADmLC0ncm58YqBKve6M3EUcjVGvFCr071So47UcIRxIUEdmfb-O_HJ0zW-5NAm5PF3<EOL>SPaQfJe-sfzkLjILXFBvG-iUsqW8kgjOqchWg3M2xxa3Vj2lZaK7ZrclaQ71Y5oonFZAtY<EOL>o0v2XbUuldUWZ8kdakbaJieQ7NMcg> Please log in via your web browser and<EOL>then try again.<EOL> Learn more at<EOL> https://support.google.com/mail/answer/78754 b6sm5387224lbv.39 - gsmtp<EOL>
16.05.16 21:12:41 : <https://accounts.google.com/signin/continue?sarp=1&scc=1&plt=AKgnsbvL<EOL>nKxyIBOUTxq4JsqFb0Yp5UZvatMD-0oqF3fRpzHH8kGk1ld6NWAI6iy04yjQw361Uatl8L<EOL>HzwwGsqTo4JAJBs-Mw8hij61rpLgru7PV577J4RNXirtSjxbAGrHZ2cvswuuQXyVGb9QCd<EOL>wy-YPCDVo3UniA9GdFGVJ_6L-9YW_wMhs5_aonlhWRPBgdUXnWsHAAFesitwIuUDH3lmIX<EOL>OIks0M-BKKaBvzeJGnEOEny1Eyo6Y> Please log in via your web browser and<EOL>then try again.<EOL> Learn more at<EOL> https://support.google.com/mail/answer/78754 jn5sm5499345lbc.24 - gsmtp<EOL>
16.05.16 21:17:11 : <https://accounts.google.com/signin/continue?sarp=1&scc=1&plt=AKgnsbsa<EOL>vB6pE2OeCVJLbX8brE3-3P_n0S7XfI3HgGgKwUqhlVexgSPasr3AgmMmuj2fh66PVdwdz2<EOL>IHtVKBY6oMho0orRoHvaG9iUfKqdGHpz8sLlPzaXZgrKM2el3sNZUFd7SoT6JMhYG3dxls<EOL>DyVaM2cj_y4Q1PgPr8UkdZMTn-qqFiGWI2oN2aVKVKBgyTGZLa8YBRUxSxATO-7_wWLsq3<EOL>ZABP2Xyxaq6qEKaP1YQUynVp-kJMw> Please log in via your web browser and<EOL>then try again.<EOL> Learn more at<EOL> https://support.google.com/mail/answer/78754 oq7sm4564189lbb.47 - gsmtp<EOL>
16.05.16 21:18:39 : <https://accounts.google.com/signin/continue?sarp=1&scc=1&plt=AKgnsbvw<EOL>qcBNtmoowudCrpVJJFMjdioDr2ZSbdN4ojLW38IkAwpOfb4REdz_iHf71SWtUEqNqOUd3d<EOL>6V6XgyhL1P9BV16W9AlDj8qFvm27bnm2CA3uroZWeQ_rTM2MxeHBRuoLVtDzr1yYyS1-7h<EOL>h6OUNjQKF290mnihkCpBGAD-CJr-YuK2J6C_VIYMpFBguePUAZbcnc6q7jGaLklL8G95PR<EOL>AIp4HGHp8Zbg0oRdHdWRAc6PmJQkE> Please log in via your web browser and<EOL>then try again.<EOL> Learn more at<EOL> https://support.google.com/mail/answer/78754 n13sm5707024lfb.28 - gsmtp<EOL>
16.05.16 21:21:52 : <https://accounts.google.com/signin/continue?sarp=1&scc=1&plt=AKgnsbti<EOL>YpY5QKaHAK30hZeCnn4bBVHDpsw3gQxFpJWkKQaSa98_z-frWNXYAvD88vv9Xc3xGXm7Ep<EOL>Yj3YTnmf9fD9tZBd_Nvpb3eMvqn0R_f-4a-InblEq5hmSoaJ2qJOT5XehWh02LP7_6GjSz<EOL>cnYyEK9a0TzzapAoduXxZcPjqwbIXGu8sGb2xJCW2E8ukhFjQBJoR7CQL8hg8nJIsWP1xW<EOL>-kLW-CF0KiBJ_sxFr6sExAGzjdOvU> Please log in via your web browser and<EOL>then try again.<EOL> Learn more at<EOL> https://support.google.com/mail/answer/78754 92sm5518228lfw.25 - gsmtp<EOL>
16.05.17 14:07:39 : <https://accounts.google.com/signin/continue?sarp=1&scc=1&plt=AKgnsbtG<EOL>0piwJuAQmAYGkcoV3cr8JPNvRwHPLkyEcQWAD4t0CqezITl_Q5yI09nZeis3kzQ0NeuyiV<EOL>y4Be3ijVb3szk38TnvJBBibpImQy5GOFGfGx5XbrxnXrJpm3cr4Q4U9WHTQiIfm2Yt9nUu<EOL>bMjPTBjPr4uviuiabHmBzKn0ecQKhhXDTMuultQxMOyKs2rbZPqpv8ZLt_qxdXR5wsDPlp<EOL>lvpcPY4E9sX4csbFEV78tEBZUoIIA> Please log in via your web browser and<EOL>then try again.<EOL> Learn more at<EOL> https://support.google.com/mail/answer/78754 h8sm428385lbb.27 - gsmtp<EOL>
16.05.17 14:51:13 : The recipient address <{$email}@> is not a valid RFC-5321 address. h8sm459468lbb.27 - gsmtp<EOL>
16.05.24 13:11:01 : Message is missing recipient's address
16.05.24 13:13:03 : Message is missing recipient's address
16.05.24 13:14:25 : Message is missing recipient's address
16.05.24 13:15:36 : Message is missing recipient's address
16.05.24 13:16:25 : Message is missing recipient's address
16.06.06 13:00:34 : Message is missing recipient's address
16.06.06 13:01:35 : Message is missing recipient's address
16.06.06 23:27:06 : Message is missing recipient's address
16.06.07 17:13:56 : Message is missing recipient's address
16.06.07 22:07:15 : Message is missing recipient's address
16.06.07 22:20:12 : Message is missing recipient's address
16.06.07 22:20:35 : Message is missing recipient's address
16.06.12 20:30:53 : Message is missing recipient's address
